Build started 8/20/2015 9:47:17 AM.
Project "D:\protone-suite.googlecode.com\trunk\ProTONE Suite\src\IRSerDev\IRSerDev.vcxproj" on node 2 (Rebuild target(s)).
InitializeBuildStatus:
  Creating "Debug\IRSerDev.unsuccessfulbuild" because "AlwaysCreate" was specified.
ClCompile:
  C:\Program Files (x86)\Microsoft Visual Studio 10.0\VC\bin\CL.exe /c /ZI /nologo /W3 /WX- /Od /Oy- /D WIN32 /D _DEBUG /D _WINDOWS /D _USRDLL /D _WINDLL /Gm /EHsc /RTC1 /MT /GS /fp:precise /Zc:wchar_t /Zc:forScope /Fo"Debug\\" /Fd"Debug\vc100.pdb" /Gd /TC /analyze- /errorReport:prompt IRSerDev.c
  IRSerDev.c
ResourceCompile:
  C:\Program Files (x86)\Microsoft SDKs\Windows\v7.0A\bin\rc.exe /l"0x0409" /nologo /fo"Debug\IRSerDev.res" IRSerDev.rc 
Link:
  C:\Program Files (x86)\Microsoft Visual Studio 10.0\VC\bin\link.exe /ERRORREPORT:PROMPT /OUT:"..\bin\IRSerDev.dll" /INCREMENTAL /NOLOGO kernel32.lib user32.lib gdi32.lib winspool.lib comdlg32.lib advapi32.lib shell32.lib ole32.lib oleaut32.lib uuid.lib odbc32.lib odbccp32.lib /DEF:"IRSerDev.def" /MANIFEST:NO /DEBUG /PDB:"D:\protone-suite.googlecode.com\trunk\ProTONE Suite\src\bin\IRSerDev.pdb" /SUBSYSTEM:WINDOWS /TLBID:1 /DYNAMICBASE /NXCOMPAT /IMPLIB:"..\bin\IRSerDev.lib" /MACHINE:X86 /DLL Debug\IRSerDev.res
  Debug\IRSerDev.obj
     Creating library ..\bin\IRSerDev.lib and object ..\bin\IRSerDev.exp
  IRSerDev.vcxproj -> D:\protone-suite.googlecode.com\trunk\ProTONE Suite\src\IRSerDev\..\bin\IRSerDev.dll
PostBuildEvent:
  copy "D:\protone-suite.googlecode.com\trunk\ProTONE Suite\src\IRSerDev\IRSerDev.h" "..\bin\"
  :VCEnd
          1 file(s) copied.
FinalizeBuildStatus:
  Deleting file "Debug\IRSerDev.unsuccessfulbuild".
  Touching "Debug\IRSerDev.lastbuildstate".
Done Building Project "D:\protone-suite.googlecode.com\trunk\ProTONE Suite\src\IRSerDev\IRSerDev.vcxproj" (Rebuild target(s)).

Build succeeded.

Time Elapsed 00:00:01.99
