d:\git\protone-suite-git-verify\protone suite\src\irserdev\debug\irserdev.obj
d:\git\protone-suite-git-verify\protone suite\src\irserdev\debug\vc100.pdb
d:\git\protone-suite-git-verify\protone suite\src\bin\irserdev.lib
d:\git\protone-suite-git-verify\protone suite\src\bin\irserdev.exp
d:\git\protone-suite-git-verify\protone suite\src\bin\irserdev.ilk
d:\git\protone-suite-git-verify\protone suite\src\bin\irserdev.dll
d:\git\protone-suite-git-verify\protone suite\src\bin\irserdev.pdb
d:\git\protone-suite-git-verify\protone suite\src\irserdev\debug\irserdev.res
d:\git\protone-suite-git-verify\protone suite\src\irserdev\debug\cl.command.1.tlog
d:\git\protone-suite-git-verify\protone suite\src\irserdev\debug\cl.read.1.tlog
d:\git\protone-suite-git-verify\protone suite\src\irserdev\debug\cl.write.1.tlog
d:\git\protone-suite-git-verify\protone suite\src\irserdev\debug\irserdev.write.1.tlog
d:\git\protone-suite-git-verify\protone suite\src\irserdev\debug\link-cvtres.read.1.tlog
d:\git\protone-suite-git-verify\protone suite\src\irserdev\debug\link-cvtres.write.1.tlog
d:\git\protone-suite-git-verify\protone suite\src\irserdev\debug\link.command.1.tlog
d:\git\protone-suite-git-verify\protone suite\src\irserdev\debug\link.read.1.tlog
d:\git\protone-suite-git-verify\protone suite\src\irserdev\debug\link.write.1.tlog
d:\git\protone-suite-git-verify\protone suite\src\irserdev\debug\rc.command.1.tlog
d:\git\protone-suite-git-verify\protone suite\src\irserdev\debug\rc.read.1.tlog
d:\git\protone-suite-git-verify\protone suite\src\irserdev\debug\rc.write.1.tlog
d:\git\protone-suite-git-verify\protone suite\src\irserdev\debug\vc100.idb
